<?xml version="1.0" encoding="UTF-8"?>
<!-- Generated by org.testng.reporters.JUnitReportReporter -->
<testsuite hostname="DESKTOP-OCOB1N9" failures="0" tests="2" name="clicnic.mobile.MyClicnic_findDoctor_TC" time="185.878" errors="0" timestamp="2024-07-03T13:05:53 IST" skipped="0">
  <testcase classname="clicnic.mobile.MyClicnic_findDoctor_TC" name="findYourDoctorBySpeciality" time="96.770"/>
  <system-out/>
  <testcase classname="clicnic.mobile.MyClicnic_findDoctor_TC" name="findYourDoctorByName" time="89.108"/>
  <system-out/>
</testsuite> <!-- clicnic.mobile.MyClicnic_findDoctor_TC -->
