<?xml version="1.0" encoding="UTF-8"?>
<!-- Generated by org.testng.reporters.JUnitReportReporter -->
<testsuite hostname="DESKTOP-OCOB1N9" failures="0" tests="1" name="clicnic.mobile.MyClinic_forgotPassword_TC" time="121.426" errors="0" timestamp="2024-07-03T13:05:53 IST" skipped="0">
  <testcase classname="clicnic.mobile.MyClinic_forgotPassword_TC" name="forgotPwdTest" time="121.426"/>
  <system-out/>
</testsuite> <!-- clicnic.mobile.MyClinic_forgotPassword_TC -->
