<?xml version="1.0" encoding="UTF-8"?>
<!-- Generated by org.testng.reporters.JUnitReportReporter -->
<testsuite hostname="DESKTOP-OCOB1N9" failures="0" tests="3" name="clicnic.mobile.MyClinic_Login_TC" time="202.999" errors="0" timestamp="2024-07-03T13:05:53 IST" skipped="0">
  <testcase classname="clicnic.mobile.MyClinic_Login_TC" name="loginWithGoogleTest" time="78.532"/>
  <system-out/>
  <testcase classname="clicnic.mobile.MyClinic_Login_TC" name="loginWithFacebookTest" time="59.266"/>
  <system-out/>
  <testcase classname="clicnic.mobile.MyClinic_Login_TC" name="loginEmailPwdTest" time="65.201"/>
  <system-out/>
</testsuite> <!-- clicnic.mobile.MyClinic_Login_TC -->
