<?xml version="1.0" encoding="UTF-8"?>
<!-- Generated by org.testng.reporters.JUnitReportReporter -->
<testsuite hostname="DESKTOP-OCOB1N9" failures="0" tests="1" name="myclinic.mobile.MyClinic_bookNow_TC" time="60.609" errors="0" timestamp="2024-07-07T12:44:28 IST" skipped="0">
  <testcase classname="myclinic.mobile.MyClinic_bookNow_TC" name="bookClinicVisit" time="60.609"/>
  <system-out/>
</testsuite> <!-- myclinic.mobile.MyClinic_bookNow_TC -->
