<?xml version="1.0" encoding="UTF-8"?>
<!-- Generated by org.testng.reporters.JUnitReportReporter -->
<testsuite hostname="DESKTOP-OCOB1N9" failures="0" tests="2" name="myclinic.mobile.MyClicnic_findDoctor_TC" time="205.280" errors="0" timestamp="2024-07-04T08:47:24 IST" skipped="0">
  <testcase classname="myclinic.mobile.MyClicnic_findDoctor_TC" name="findYourDoctorBySpeciality" time="101.396"/>
  <system-out/>
  <testcase classname="myclinic.mobile.MyClicnic_findDoctor_TC" name="findYourDoctorByName" time="103.884"/>
  <system-out/>
</testsuite> <!-- myclinic.mobile.MyClicnic_findDoctor_TC -->
