<?xml version="1.0" encoding="UTF-8"?>
<!-- Generated by org.testng.reporters.JUnitReportReporter -->
<testsuite hostname="praveenjaiswalmoneyviewin.local" failures="0" tests="4" name="sfa.mobile.LoginTC_English" time="517.820" errors="0" timestamp="2024-07-18T00:36:57 IST" skipped="0">
  <testcase classname="sfa.mobile.LoginTC_English" name="groupFunctionality" time="114.503"/>
  <system-out/>
  <testcase classname="sfa.mobile.LoginTC_English" name="discoverFunctionalityCricket" time="143.812"/>
  <system-out/>
  <testcase classname="sfa.mobile.LoginTC_English" name="discoverFunctionalityFootBall" time="129.903"/>
  <system-out/>
  <testcase classname="sfa.mobile.LoginTC_English" name="loginEmailPwdTest" time="129.602"/>
  <system-out/>
</testsuite> <!-- sfa.mobile.LoginTC_English -->
