<?xml version="1.0" encoding="UTF-8"?>
<!-- Generated by org.testng.reporters.JUnitReportReporter -->
<testsuite hostname="praveenjaiswalmoneyviewin.local" failures="0" tests="1" name="clicnic.mobile.Mob_Login_TC" time="69.036" errors="0" timestamp="2024-06-30T17:40:38 IST" skipped="0">
  <testcase classname="clicnic.mobile.Mob_Login_TC" name="loginTest" time="69.036"/>
  <system-out/>
</testsuite> <!-- clicnic.mobile.Mob_Login_TC -->
