<?xml version="1.0" encoding="UTF-8"?>
<!-- Generated by org.testng.reporters.JUnitReportReporter -->
<testsuite hostname="praveenjaiswalmoneyviewin.local" failures="0" tests="4" name="sfa.mobile.LoginTC" time="455.852" errors="0" timestamp="2024-07-17T22:12:13 IST" skipped="0">
  <testcase classname="sfa.mobile.LoginTC" name="discoverFunctionalityFootBall" time="134.196"/>
  <system-out/>
  <testcase classname="sfa.mobile.LoginTC" name="groupFunctionality" time="83.520"/>
  <system-out/>
  <testcase classname="sfa.mobile.LoginTC" name="discoverFunctionalityCricket" time="133.520"/>
  <system-out/>
  <testcase classname="sfa.mobile.LoginTC" name="loginEmailPwdTest" time="104.616"/>
  <system-out/>
</testsuite> <!-- sfa.mobile.LoginTC -->
