<?xml version="1.0" encoding="UTF-8"?>
<!-- Generated by org.testng.reporters.JUnitReportReporter -->
<testsuite hostname="DESKTOP-OCOB1N9" failures="0" tests="1" name="myclinic.mobile.MyClinic_bookAnAppointment_TC" time="85.647" errors="0" timestamp="2024-07-14T16:50:00 IST" skipped="0">
  <testcase classname="myclinic.mobile.MyClinic_bookAnAppointment_TC" name="upcomingAppointments" time="85.647"/>
  <system-out/>
</testsuite> <!-- myclinic.mobile.MyClinic_bookAnAppointment_TC -->
